[2013-03-27 15:59:30] request.ERROR: Uncaught PHP Exception Symfony\Component\HttpKernel\Exception\NotFoundHttpException: "No route found for "GET /favicon.ico"" at C:\wamp\www\Mathsup\vendor\symfony\symfony\src\Symfony\Component\HttpKernel\EventListener\RouterListener.php line 94 [] []
[2013-03-27 17:01:35] request.ERROR: Uncaught PHP Exception Symfony\Component\HttpKernel\Exception\NotFoundHttpException: "No route found for "GET /css/style.css"" at C:\wamp\www\Mathsup\app\cache\prod\classes.php line 3599 [] []
[2013-03-27 17:01:36] request.ERROR: Uncaught PHP Exception Symfony\Component\HttpKernel\Exception\NotFoundHttpException: "No route found for "GET /js/main.js"" at C:\wamp\www\Mathsup\app\cache\prod\classes.php line 3599 [] []
[2013-03-27 17:02:39] request.ERROR: Uncaught PHP Exception Symfony\Component\HttpKernel\Exception\NotFoundHttpException: "No route found for "GET /css/style.css"" at C:\wamp\www\Mathsup\app\cache\prod\classes.php line 3599 [] []
[2013-03-27 17:03:01] request.ERROR: Uncaught PHP Exception Symfony\Component\HttpKernel\Exception\NotFoundHttpException: "No route found for "GET /js/main.js"" at C:\wamp\www\Mathsup\app\cache\prod\classes.php line 3599 [] []
[2013-03-28 10:18:52] request.INFO: Matched route "msp_frontend_homepage" (parameters: "_controller": "Msp\FrontendBundle\Controller\FrontendController::indexAction", "_route": "msp_frontend_homepage") [] []
[2013-03-28 10:18:52] request.CRITICAL: Uncaught PHP Exception Twig_Error_Syntax: "A template that extends another one cannot have a body in "MspFrontendBundle:Page:index.html.twig" at line 2." at C:\wamp\www\Mathsup\vendor\twig\twig\lib\Twig\Parser.php line 375 [] []
[2013-03-28 10:19:05] request.INFO: Matched route "msp_frontend_homepage" (parameters: "_controller": "Msp\FrontendBundle\Controller\FrontendController::indexAction", "_route": "msp_frontend_homepage") [] []
[2013-03-28 10:19:05] request.CRITICAL: Uncaught PHP Exception Twig_Error_Syntax: "A template that extends another one cannot have a body in "MspFrontendBundle:Page:index.html.twig" at line 2." at C:\wamp\www\Mathsup\vendor\twig\twig\lib\Twig\Parser.php line 375 [] []
[2013-03-28 12:01:58] request.INFO: Matched route "msp_college" (parameters: "_controller": "Msp\FrontendBundle\Controller\FrontendController::collegeAction", "page": "1", "_route": "msp_college") [] []
[2013-03-28 12:01:58] request.CRITICAL: Uncaught PHP Exception InvalidArgumentException: "Unable to find template "MspFrontendBundle:Page:college.html.twig"." at C:\wamp\www\Mathsup\vendor\symfony\symfony\src\Symfony\Bridge\Twig\TwigEngine.php line 123 [] []
[2013-03-28 12:03:19] request.INFO: Matched route "msp_college" (parameters: "_controller": "Msp\FrontendBundle\Controller\FrontendController::collegeAction", "page": "1", "_route": "msp_college") [] []
[2013-03-28 12:03:19] request.CRITICAL: Uncaught PHP Exception InvalidArgumentException: "Unable to find template "MspFrontendBundle:Page:college.html.twig"." at C:\wamp\www\Mathsup\vendor\symfony\symfony\src\Symfony\Bridge\Twig\TwigEngine.php line 123 [] []
[2013-03-28 12:04:30] request.INFO: Matched route "msp_college" (parameters: "_controller": "Msp\FrontendBundle\Controller\FrontendController::collegeAction", "_route": "msp_college") [] []
[2013-03-28 12:04:30] request.CRITICAL: Uncaught PHP Exception InvalidArgumentException: "Unable to find template "MspFrontendBundle:Page:college.html.twig"." at C:\wamp\www\Mathsup\vendor\symfony\symfony\src\Symfony\Bridge\Twig\TwigEngine.php line 123 [] []
[2013-03-28 12:06:15] request.INFO: Matched route "msp_college" (parameters: "_controller": "Msp\FrontendBundle\Controller\FrontendController::collegeAction", "_route": "msp_college") [] []
[2013-03-28 12:06:16] request.CRITICAL: Uncaught PHP Exception InvalidArgumentException: "Unable to find template "MspFrontendBundle:Page:college.html.twig"." at C:\wamp\www\Mathsup\vendor\symfony\symfony\src\Symfony\Bridge\Twig\TwigEngine.php line 123 [] []
[2013-03-28 14:06:09] request.INFO: Matched route "msp_college" (parameters: "_controller": "Msp\FrontendBundle\Controller\FrontendController::collegeAction", "_route": "msp_college") [] []
[2013-03-28 14:06:11] request.CRITICAL: Uncaught PHP Exception InvalidArgumentException: "Unable to find template "MspFrontendBundle:Page:college.html.twig"." at C:\wamp\www\Mathsup\vendor\symfony\symfony\src\Symfony\Bridge\Twig\TwigEngine.php line 123 [] []
[2013-03-28 14:15:24] request.INFO: Matched route "msp_college" (parameters: "_controller": "Msp\FrontendBundle\Controller\FrontendController::collegeAction", "_route": "msp_college") [] []
[2013-03-28 14:15:24] request.CRITICAL: Uncaught PHP Exception InvalidArgumentException: "Unable to find template "MspFrontendBundle:Page:college.html.twig"." at C:\wamp\www\Mathsup\vendor\symfony\symfony\src\Symfony\Bridge\Twig\TwigEngine.php line 123 [] []
